2020-04-26T05:16:24,090 INFO [main] org.hibernate.validator.internal.util.Version - HV000001: Hibernate Validator 5.2.5.Final
2020-04-26T05:16:25,075 INFO [main] org.apache.druid.initialization.Initialization - Loading extension [druid-histogram], jars: druid-histogram-0.17.0.jar
2020-04-26T05:16:25,081 INFO [main] org.apache.druid.initialization.Initialization - Loading extension [druid-datasketches], jars: druid-datasketches-0.17.0.jar, commons-math3-3.6.1.jar
2020-04-26T05:16:25,089 INFO [main] org.apache.druid.initialization.Initialization - Loading extension [druid-lookups-cached-global], jars: mapdb-1.0.8.jar, druid-lookups-cached-global-0.17.0.jar
2020-04-26T05:16:25,094 INFO [main] org.apache.druid.initialization.Initialization - Loading extension [postgresql-metadata-storage], jars: postgresql-metadata-storage-0.17.0.jar, postgresql-42.2.8.jar
2020-04-26T05:16:25,433 INFO [main] org.apache.druid.initialization.Initialization - Loading extension [druid-histogram], jars: druid-histogram-0.17.0.jar
2020-04-26T05:16:25,436 INFO [main] org.apache.druid.initialization.Initialization - Loading extension [druid-datasketches], jars: druid-datasketches-0.17.0.jar, commons-math3-3.6.1.jar
2020-04-26T05:16:25,449 INFO [main] org.apache.druid.initialization.Initialization - Loading extension [druid-lookups-cached-global], jars: mapdb-1.0.8.jar, druid-lookups-cached-global-0.17.0.jar
2020-04-26T05:16:25,452 INFO [main] org.apache.druid.initialization.Initialization - Loading extension [postgresql-metadata-storage], jars: postgresql-metadata-storage-0.17.0.jar, postgresql-42.2.8.jar
2020-04-26T05:16:27,555 INFO [main] org.apache.curator.utils.Compatibility - Running in ZooKeeper 3.4.x compatibility mode
2020-04-26T05:16:27,784 INFO [main] org.apache.druid.server.emitter.EmitterModule - Using emitter [NoopEmitter{}] for metrics and alerts, with dimensions [{version=0.17.0}].
2020-04-26T05:17:08,623 INFO [main] org.apache.druid.server.metrics.MetricsModule - Loaded 3 monitors: org.apache.druid.java.util.metrics.JvmMonitor, org.apache.druid.query.ExecutorServiceMonitor, org.apache.druid.server.initialization.jetty.JettyServerModule$JettyMonitor
2020-04-26T05:17:08,812 INFO [main] org.apache.druid.cli.CliPeon - Starting up with processors[2], memory[1,029,177,344], maxMemory[1,029,177,344], directMemory[3,221,225,472]. Properties follow.
2020-04-26T05:17:08,853 INFO [main] org.apache.druid.cli.CliPeon - * awt.toolkit: sun.awt.X11.XToolkit
2020-04-26T05:17:08,853 INFO [main] org.apache.druid.cli.CliPeon - * druid.coordinator.balancer.strategy: cachingCost
2020-04-26T05:17:08,855 INFO [main] org.apache.druid.cli.CliPeon - * druid.emitter: noop
2020-04-26T05:17:08,857 INFO [main] org.apache.druid.cli.CliPeon - * druid.emitter.logging.logLevel: debug
2020-04-26T05:17:08,857 INFO [main] org.apache.druid.cli.CliPeon - * druid.extensions.loadList: ["druid-histogram", "druid-datasketches", "druid-lookups-cached-global", "postgresql-metadata-storage"]
2020-04-26T05:17:08,863 INFO [main] org.apache.druid.cli.CliPeon - * druid.host: 172.22.0.5
2020-04-26T05:17:08,864 INFO [main] org.apache.druid.cli.CliPeon - * druid.indexer.fork.property.druid.processing.buffer.sizeBytes: 268435456
2020-04-26T05:17:08,864 INFO [main] org.apache.druid.cli.CliPeon - * druid.indexer.logs.directory: /opt/data/indexing-logs
2020-04-26T05:17:08,865 INFO [main] org.apache.druid.cli.CliPeon - * druid.indexer.logs.type: file
2020-04-26T05:17:08,865 INFO [main] org.apache.druid.cli.CliPeon - * druid.indexer.runner.javaOpts: -server -Xms1g -Xmx1g -XX:MaxDirectMemorySize=1g -Duser.timezone=UTC -Dfile.encoding=UTF-8 -XX:+ExitOnOutOfMemoryError -Djava.util.logging.manager=org.apache.logging.log4j.jul.LogManager
2020-04-26T05:17:08,865 INFO [main] org.apache.druid.cli.CliPeon - * druid.indexer.runner.javaOptsArray: ["-server", "-Xmx1g", "-Xms1g", "-XX:MaxDirectMemorySize=3g", "-Duser.timezone=UTC", "-Dfile.encoding=UTF-8", "-Djava.util.logging.manager=org.apache.logging.log4j.jul.LogManager"]
2020-04-26T05:17:08,866 INFO [main] org.apache.druid.cli.CliPeon - * druid.indexer.task.baseTaskDir: var/druid/task
2020-04-26T05:17:08,871 INFO [main] org.apache.druid.cli.CliPeon - * druid.indexer.task.hadoopWorkingPath: var/druid/hadoop-tmp
2020-04-26T05:17:08,873 INFO [main] org.apache.druid.cli.CliPeon - * druid.indexing.doubleStorage: double
2020-04-26T05:17:08,875 INFO [main] org.apache.druid.cli.CliPeon - * druid.lookup.enableLookupSyncOnStartup: false
2020-04-26T05:17:08,878 INFO [main] org.apache.druid.cli.CliPeon - * druid.metadata.storage.connector.connectURI: jdbc:postgresql://postgres:5432/druid
2020-04-26T05:17:08,880 INFO [main] org.apache.druid.cli.CliPeon - * druid.metadata.storage.connector.host: localhost
2020-04-26T05:17:08,885 INFO [main] org.apache.druid.cli.CliPeon - * druid.metadata.storage.connector.password: <masked>
2020-04-26T05:17:08,886 INFO [main] org.apache.druid.cli.CliPeon - * druid.metadata.storage.connector.port: 1527
2020-04-26T05:17:08,888 INFO [main] org.apache.druid.cli.CliPeon - * druid.metadata.storage.connector.user: druid
2020-04-26T05:17:08,888 INFO [main] org.apache.druid.cli.CliPeon - * druid.metadata.storage.host: 
2020-04-26T05:17:08,891 INFO [main] org.apache.druid.cli.CliPeon - * druid.metadata.storage.type: postgresql
2020-04-26T05:17:08,895 INFO [main] org.apache.druid.cli.CliPeon - * druid.metrics.emitter.dimension.dataSource: wikipedia
2020-04-26T05:17:08,897 INFO [main] org.apache.druid.cli.CliPeon - * druid.metrics.emitter.dimension.taskId: index_parallel_wikipedia_ghfjjkka_2020-04-26T05:16:16.037Z
2020-04-26T05:17:08,901 INFO [main] org.apache.druid.cli.CliPeon - * druid.metrics.emitter.dimension.taskType: index_parallel
2020-04-26T05:17:08,903 INFO [main] org.apache.druid.cli.CliPeon - * druid.monitoring.monitors: ["org.apache.druid.java.util.metrics.JvmMonitor"]
2020-04-26T05:17:08,903 INFO [main] org.apache.druid.cli.CliPeon - * druid.plaintextPort: 8100
2020-04-26T05:17:08,904 INFO [main] org.apache.druid.cli.CliPeon - * druid.processing.buffer.sizeBytes: 268435456
2020-04-26T05:17:08,904 INFO [main] org.apache.druid.cli.CliPeon - * druid.processing.numMergeBuffers: 2
2020-04-26T05:17:08,904 INFO [main] org.apache.druid.cli.CliPeon - * druid.processing.numThreads: 2
2020-04-26T05:17:08,905 INFO [main] org.apache.druid.cli.CliPeon - * druid.selectors.coordinator.serviceName: druid/coordinator
2020-04-26T05:17:08,905 INFO [main] org.apache.druid.cli.CliPeon - * druid.selectors.indexing.serviceName: druid/overlord
2020-04-26T05:17:08,905 INFO [main] org.apache.druid.cli.CliPeon - * druid.server.hiddenProperties: ["druid.s3.accessKey","druid.s3.secretKey","druid.metadata.storage.connector.password"]
2020-04-26T05:17:08,906 INFO [main] org.apache.druid.cli.CliPeon - * druid.server.http.numThreads: 60
2020-04-26T05:17:08,907 INFO [main] org.apache.druid.cli.CliPeon - * druid.service: druid/middleManager
2020-04-26T05:17:08,907 INFO [main] org.apache.druid.cli.CliPeon - * druid.sql.enable: true
2020-04-26T05:17:08,907 INFO [main] org.apache.druid.cli.CliPeon - * druid.startup.logging.logProperties: true
2020-04-26T05:17:08,907 INFO [main] org.apache.druid.cli.CliPeon - * druid.storage.storageDirectory: /opt/data/segments
2020-04-26T05:17:08,908 INFO [main] org.apache.druid.cli.CliPeon - * druid.storage.type: local
2020-04-26T05:17:08,908 INFO [main] org.apache.druid.cli.CliPeon - * druid.task.executor.enablePlaintextPort: true
2020-04-26T05:17:08,908 INFO [main] org.apache.druid.cli.CliPeon - * druid.task.executor.enableTlsPort: false
2020-04-26T05:17:08,908 INFO [main] org.apache.druid.cli.CliPeon - * druid.task.executor.host: 172.22.0.5
2020-04-26T05:17:08,908 INFO [main] org.apache.druid.cli.CliPeon - * druid.task.executor.plaintextPort: 8091
2020-04-26T05:17:08,908 INFO [main] org.apache.druid.cli.CliPeon - * druid.task.executor.service: druid/middleManager
2020-04-26T05:17:08,908 INFO [main] org.apache.druid.cli.CliPeon - * druid.task.executor.tlsPort: -1
2020-04-26T05:17:08,909 INFO [main] org.apache.druid.cli.CliPeon - * druid.tlsPort: -1
2020-04-26T05:17:08,909 INFO [main] org.apache.druid.cli.CliPeon - * druid.worker.capacity: 4
2020-04-26T05:17:08,909 INFO [main] org.apache.druid.cli.CliPeon - * druid.zk.paths.base: /druid
2020-04-26T05:17:08,909 INFO [main] org.apache.druid.cli.CliPeon - * druid.zk.service.host: zookeeper
2020-04-26T05:17:08,909 INFO [main] org.apache.druid.cli.CliPeon - * file.encoding: UTF-8
2020-04-26T05:17:08,909 INFO [main] org.apache.druid.cli.CliPeon - * file.encoding.pkg: sun.io
2020-04-26T05:17:08,910 INFO [main] org.apache.druid.cli.CliPeon - * file.separator: /
2020-04-26T05:17:08,911 INFO [main] org.apache.druid.cli.CliPeon - * java.awt.graphicsenv: sun.awt.X11GraphicsEnvironment
2020-04-26T05:17:08,911 INFO [main] org.apache.druid.cli.CliPeon - * java.awt.printerjob: sun.print.PSPrinterJob
2020-04-26T05:17:08,911 INFO [main] org.apache.druid.cli.CliPeon - * java.class.path: /tmp/conf/druid/cluster/_common:/tmp/conf/druid/cluster/data/middleManager:lib/spymemcached-2.12.3.jar:lib/jaxb-api-2.3.1.jar:lib/stax-ex-1.8.jar:lib/log4j-slf4j-impl-2.8.2.jar:lib/jetty-proxy-9.4.12.v20180830.jar:lib/javax.servlet-api-3.1.0.jar:lib/jcodings-1.0.43.jar:lib/druid-processing-0.17.0.jar:lib/curator-x-discovery-4.1.0.jar:lib/netty-buffer-4.1.42.Final.jar:lib/guice-multibindings-4.1.0.jar:lib/jetty-continuation-9.4.12.v20180830.jar:lib/aether-impl-0.9.0.M2.jar:lib/jackson-datatype-joda-2.10.1.jar:lib/maven-artifact-3.6.0.jar:lib/extendedset-0.17.0.jar:lib/druid-services-0.17.0.jar:lib/log4j-1.2-api-2.8.2.jar:lib/joni-2.1.27.jar:lib/guice-servlet-4.1.0.jar:lib/joda-time-2.10.5.jar:lib/avatica-server-1.15.0.jar:lib/jackson-core-2.10.1.jar:lib/maven-model-builder-3.1.1.jar:lib/jaxb-runtime-2.3.1.jar:lib/hibernate-validator-5.2.5.Final.jar:lib/jetty-servlets-9.4.12.v20180830.jar:lib/jackson-jaxrs-json-provider-2.10.1.jar:lib/async-http-client-netty-utils-2.5.3.jar:lib/esri-geometry-api-2.2.0.jar:lib/netty-transport-4.1.42.Final.jar:lib/jackson-jaxrs-smile-provider-2.10.1.jar:lib/jackson-module-guice-2.10.1.jar:lib/jetty-http-9.4.12.v20180830.jar:lib/log4j-jul-2.8.2.jar:lib/druid-indexing-hadoop-0.17.0.jar:lib/async-http-client-2.5.3.jar:lib/maven-repository-metadata-3.1.1.jar:lib/aether-util-0.9.0.M2.jar:lib/accessors-smart-1.2.jar:lib/aopalliance-1.0.jar:lib/sigar-1.6.5.132.jar:lib/asm-commons-7.1.jar:lib/jackson-jaxrs-base-2.10.1.jar:lib/jetty-server-9.4.12.v20180830.jar:lib/commons-collections4-4.2.jar:lib/netty-codec-socks-4.1.42.Final.jar:lib/checker-qual-2.5.7.jar:lib/httpcore-4.4.11.jar:lib/aws-java-sdk-kms-1.11.199.jar:lib/txw2-2.3.1.jar:lib/datasketches-memory-1.2.0-incubating.jar:lib/protobuf-java-3.11.0.jar:lib/netty-handler-proxy-4.1.42.Final.jar:lib/javax.activation-api-1.2.0.jar:lib/jackson-annotations-2.10.1.jar:lib/aether-api-0.9.0.M2.jar:lib/jersey-server-1.19.3.jar:lib/plexus-interpolation-1.19.jar:lib/slf4j-api-1.7.25.jar:lib/google-http-client-jackson2-1.22.0.jar:lib/avatica-core-1.15.0.jar:lib/maven-settings-builder-3.1.1.jar:lib/commons-logging-1.1.1.jar:lib/commons-text-1.3.jar:lib/metrics-core-4.0.0.jar:lib/jetty-client-9.4.12.v20180830.jar:lib/calcite-linq4j-1.21.0.jar:lib/aether-connector-file-0.9.0.M2.jar:lib/jackson-core-asl-1.9.13.jar:lib/jetty-rewrite-9.4.12.v20180830.jar:lib/druid-console-0.17.0.jar:lib/jetty-io-9.4.12.v20180830.jar:lib/commons-lang3-3.8.1.jar:lib/tesla-aether-0.0.5.jar:lib/shims-0.8.11.jar:lib/jackson-dataformat-smile-2.10.1.jar:lib/janino-3.0.11.jar:lib/commons-lang-2.6.jar:lib/maven-settings-3.1.1.jar:lib/javax.el-api-3.0.0.jar:lib/jboss-logging-3.2.1.Final.jar:lib/aether-spi-0.9.0.M2.jar:lib/curator-client-4.1.0.jar:lib/zookeeper-3.4.14.jar:lib/netty-codec-dns-4.1.42.Final.jar:lib/aws-java-sdk-s3-1.11.199.jar:lib/reactive-streams-1.0.2.jar:lib/log4j-api-2.8.2.jar:lib/netty-resolver-dns-4.1.42.Final.jar:lib/guice-4.1.0.jar:lib/jackson-datatype-guava-2.10.1.jar:lib/FastInfoset-1.2.15.jar:lib/maven-aether-provider-3.1.1.jar:lib/jakarta.xml.bind-api-2.3.2.jar:lib/istack-commons-runtime-3.0.7.jar:lib/xz-1.8.jar:lib/jackson-dataformat-cbor-2.10.1.jar:lib/netty-reactive-streams-2.0.0.jar:lib/commons-compiler-3.0.11.jar:lib/jetty-util-9.4.12.v20180830.jar:lib/aggdesigner-algorithm-6.0.jar:lib/opencsv-4.6.jar:lib/jetty-security-9.4.12.v20180830.jar:lib/classmate-1.1.0.jar:lib/jakarta.activation-api-1.2.1.jar:lib/log4j-core-2.8.2.jar:lib/antlr4-runtime-4.5.1.jar:lib/commons-pool2-2.2.jar:lib/netty-resolver-4.1.42.Final.jar:lib/icu4j-55.1.jar:lib/google-oauth-client-1.22.0.jar:lib/netty-common-4.1.42.Final.jar:lib/druid-gcp-common-0.17.0.jar:lib/netty-3.10.6.Final.jar:lib/javax.inject-1.jar:lib/disruptor-3.3.6.jar:lib/javax.el-3.0.0.jar:lib/json-path-2.3.0.jar:lib/druid-aws-common-0.17.0.jar:lib/calcite-core-1.21.0.jar:lib/druid-indexing-service-0.17.0.jar:lib/asm-tree-7.1.jar:lib/commons-beanutils-1.9.4.jar:lib/curator-recipes-4.1.0.jar:lib/maven-model-3.1.1.jar:lib/jmespath-java-1.11.199.jar:lib/asm-analysis-7.1.jar:lib/druid-hll-0.17.0.jar:lib/jersey-guice-1.19.3.jar:lib/caffeine-2.8.0.jar:lib/airline-0.7.jar:lib/commons-io-2.6.jar:lib/jackson-jq-0.0.10.jar:lib/okhttp-1.0.2.jar:lib/jetty-servlet-9.4.12.v20180830.jar:lib/jackson-mapper-asl-1.9.13.jar:lib/plexus-utils-3.0.24.jar:lib/error_prone_annotations-2.3.2.jar:lib/RoaringBitmap-0.8.11.jar:lib/rhino-1.7.11.jar:lib/fastutil-8.2.3.jar:lib/aws-java-sdk-ec2-1.11.199.jar:lib/curator-framework-4.1.0.jar:lib/derbynet-10.14.2.0.jar:lib/netty-transport-native-unix-common-4.1.42.Final.jar:lib/wagon-provider-api-2.4.jar:lib/google-http-client-1.22.0.jar:lib/datasketches-java-1.1.0-incubating.jar:lib/commons-codec-1.13.jar:lib/jline-0.9.94.jar:lib/netty-handler-4.1.42.Final.jar:lib/ion-java-1.0.2.jar:lib/jsr305-2.0.1.jar:lib/jvm-attach-api-1.5.jar:lib/config-magic-0.9.jar:lib/commons-math3-3.6.1.jar:lib/jersey-servlet-1.19.3.jar:lib/audience-annotations-0.5.0.jar:lib/aws-java-sdk-core-1.11.199.jar:lib/netty-transport-native-epoll-4.1.42.Final-linux-x86_64.jar:lib/commons-compress-1.19.jar:lib/commons-dbcp2-2.0.1.jar:lib/derby-10.14.2.0.jar:lib/jersey-core-1.19.3.jar:lib/guava-16.0.1.jar:lib/json-smart-2.3.jar:lib/jna-4.5.1.jar:lib/validation-api-1.1.0.Final.jar:lib/aether-connector-okhttp-0.0.9.jar:lib/jackson-databind-2.10.1.jar:lib/derbyclient-10.14.2.0.jar:lib/jackson-module-jaxb-annotations-2.10.1.jar:lib/asm-7.1.jar:lib/jsr311-api-1.1.1.jar:lib/netty-codec-http-4.1.42.Final.jar:lib/netty-codec-4.1.42.Final.jar:lib/druid-server-0.17.0.jar:lib/druid-sql-0.17.0.jar:lib/druid-core-0.17.0.jar:lib/commons-net-3.6.jar:lib/httpclient-4.5.10.jar:lib/jdbi-2.63.1.jar:lib/google-api-client-1.22.0.jar:lib/avatica-metrics-1.15.0.jar:lib/compress-lzf-1.0.4.jar:lib/lz4-java-1.6.0.jar:lib/jcl-over-slf4j-1.7.12.jar:lib/zstd-jni-1.3.3-1.jar:lib/commons-collections-3.2.2.jar:lib/javax.activation-1.2.0.jar:
2020-04-26T05:17:08,913 INFO [main] org.apache.druid.cli.CliPeon - * java.class.version: 52.0
2020-04-26T05:17:08,914 INFO [main] org.apache.druid.cli.CliPeon - * java.endorsed.dirs: /usr/lib/jvm/java-8-openjdk-amd64/jre/lib/endorsed
2020-04-26T05:17:08,914 INFO [main] org.apache.druid.cli.CliPeon - * java.ext.dirs: /usr/lib/jvm/java-8-openjdk-amd64/jre/lib/ext:/usr/java/packages/lib/ext
2020-04-26T05:17:08,915 INFO [main] org.apache.druid.cli.CliPeon - * java.home: /usr/lib/jvm/java-8-openjdk-amd64/jre
2020-04-26T05:17:08,916 INFO [main] org.apache.druid.cli.CliPeon - * java.io.tmpdir: var/tmp
2020-04-26T05:17:08,917 INFO [main] org.apache.druid.cli.CliPeon - * java.library.path: /usr/java/packages/lib/amd64:/usr/lib/x86_64-linux-gnu/jni:/lib/x86_64-linux-gnu:/usr/lib/x86_64-linux-gnu:/usr/lib/jni:/lib:/usr/lib
2020-04-26T05:17:08,917 INFO [main] org.apache.druid.cli.CliPeon - * java.runtime.name: OpenJDK Runtime Environment
2020-04-26T05:17:08,917 INFO [main] org.apache.druid.cli.CliPeon - * java.runtime.version: 1.8.0_232-8u232-b09-1~deb9u1-b09
2020-04-26T05:17:08,918 INFO [main] org.apache.druid.cli.CliPeon - * java.specification.name: Java Platform API Specification
2020-04-26T05:17:08,918 INFO [main] org.apache.druid.cli.CliPeon - * java.specification.vendor: Oracle Corporation
2020-04-26T05:17:08,919 INFO [main] org.apache.druid.cli.CliPeon - * java.specification.version: 1.8
2020-04-26T05:17:08,919 INFO [main] org.apache.druid.cli.CliPeon - * java.util.logging.manager: org.apache.logging.log4j.jul.LogManager
2020-04-26T05:17:08,919 INFO [main] org.apache.druid.cli.CliPeon - * java.vendor: Oracle Corporation
2020-04-26T05:17:08,919 INFO [main] org.apache.druid.cli.CliPeon - * java.vendor.url: http://java.oracle.com/
2020-04-26T05:17:08,919 INFO [main] org.apache.druid.cli.CliPeon - * java.vendor.url.bug: http://bugreport.sun.com/bugreport/
2020-04-26T05:17:08,919 INFO [main] org.apache.druid.cli.CliPeon - * java.version: 1.8.0_232
2020-04-26T05:17:08,920 INFO [main] org.apache.druid.cli.CliPeon - * java.vm.info: mixed mode
2020-04-26T05:17:08,920 INFO [main] org.apache.druid.cli.CliPeon - * java.vm.name: OpenJDK 64-Bit Server VM
2020-04-26T05:17:08,920 INFO [main] org.apache.druid.cli.CliPeon - * java.vm.specification.name: Java Virtual Machine Specification
2020-04-26T05:17:08,920 INFO [main] org.apache.druid.cli.CliPeon - * java.vm.specification.vendor: Oracle Corporation
2020-04-26T05:17:08,921 INFO [main] org.apache.druid.cli.CliPeon - * java.vm.specification.version: 1.8
2020-04-26T05:17:08,921 INFO [main] org.apache.druid.cli.CliPeon - * java.vm.vendor: Oracle Corporation
2020-04-26T05:17:08,921 INFO [main] org.apache.druid.cli.CliPeon - * java.vm.version: 25.232-b09
2020-04-26T05:17:08,922 INFO [main] org.apache.druid.cli.CliPeon - * line.separator: 

2020-04-26T05:17:08,922 INFO [main] org.apache.druid.cli.CliPeon - * log4j.shutdownCallbackRegistry: org.apache.druid.common.config.Log4jShutdown
2020-04-26T05:17:08,922 INFO [main] org.apache.druid.cli.CliPeon - * log4j.shutdownHookEnabled: true
2020-04-26T05:17:08,923 INFO [main] org.apache.druid.cli.CliPeon - * os.arch: amd64
2020-04-26T05:17:08,923 INFO [main] org.apache.druid.cli.CliPeon - * os.name: Linux
2020-04-26T05:17:08,923 INFO [main] org.apache.druid.cli.CliPeon - * os.version: 4.19.76-linuxkit
2020-04-26T05:17:08,924 INFO [main] org.apache.druid.cli.CliPeon - * path.separator: :
2020-04-26T05:17:08,924 INFO [main] org.apache.druid.cli.CliPeon - * sun.arch.data.model: 64
2020-04-26T05:17:08,924 INFO [main] org.apache.druid.cli.CliPeon - * sun.boot.class.path: /usr/lib/jvm/java-8-openjdk-amd64/jre/lib/resources.jar:/usr/lib/jvm/java-8-openjdk-amd64/jre/lib/rt.jar:/usr/lib/jvm/java-8-openjdk-amd64/jre/lib/sunrsasign.jar:/usr/lib/jvm/java-8-openjdk-amd64/jre/lib/jsse.jar:/usr/lib/jvm/java-8-openjdk-amd64/jre/lib/jce.jar:/usr/lib/jvm/java-8-openjdk-amd64/jre/lib/charsets.jar:/usr/lib/jvm/java-8-openjdk-amd64/jre/lib/jfr.jar:/usr/lib/jvm/java-8-openjdk-amd64/jre/classes
2020-04-26T05:17:08,924 INFO [main] org.apache.druid.cli.CliPeon - * sun.boot.library.path: /usr/lib/jvm/java-8-openjdk-amd64/jre/lib/amd64
2020-04-26T05:17:08,925 INFO [main] org.apache.druid.cli.CliPeon - * sun.cpu.endian: little
2020-04-26T05:17:08,925 INFO [main] org.apache.druid.cli.CliPeon - * sun.cpu.isalist: 
2020-04-26T05:17:08,925 INFO [main] org.apache.druid.cli.CliPeon - * sun.io.unicode.encoding: UnicodeLittle
2020-04-26T05:17:08,925 INFO [main] org.apache.druid.cli.CliPeon - * sun.java.command: org.apache.druid.cli.Main internal peon var/druid/task/index_parallel_wikipedia_ghfjjkka_2020-04-26T05:16:16.037Z/task.json var/druid/task/index_parallel_wikipedia_ghfjjkka_2020-04-26T05:16:16.037Z/562fcf23-34b5-4cab-bbdf-0cf920cb6266/status.json var/druid/task/index_parallel_wikipedia_ghfjjkka_2020-04-26T05:16:16.037Z/562fcf23-34b5-4cab-bbdf-0cf920cb6266/report.json
2020-04-26T05:17:08,926 INFO [main] org.apache.druid.cli.CliPeon - * sun.java.launcher: SUN_STANDARD
2020-04-26T05:17:08,926 INFO [main] org.apache.druid.cli.CliPeon - * sun.jnu.encoding: ANSI_X3.4-1968
2020-04-26T05:17:08,926 INFO [main] org.apache.druid.cli.CliPeon - * sun.management.compiler: HotSpot 64-Bit Tiered Compilers
2020-04-26T05:17:08,926 INFO [main] org.apache.druid.cli.CliPeon - * sun.os.patch.level: unknown
2020-04-26T05:17:08,926 INFO [main] org.apache.druid.cli.CliPeon - * user.country: US
2020-04-26T05:17:08,926 INFO [main] org.apache.druid.cli.CliPeon - * user.dir: /opt/apache-druid-0.17.0
2020-04-26T05:17:08,926 INFO [main] org.apache.druid.cli.CliPeon - * user.home: /opt/druid
2020-04-26T05:17:08,926 INFO [main] org.apache.druid.cli.CliPeon - * user.language: en
2020-04-26T05:17:08,927 INFO [main] org.apache.druid.cli.CliPeon - * user.name: druid
2020-04-26T05:17:08,927 INFO [main] org.apache.druid.cli.CliPeon - * user.timezone: UTC
2020-04-26T05:17:09,576 INFO [main] org.skife.config.ConfigurationObjectFactory - Using method itself for [druid.computation.buffer.poolCacheMaxCount, ${base_path}.buffer.poolCacheMaxCount] on [org.apache.druid.query.DruidProcessingConfig#poolCacheMaxCount()]
2020-04-26T05:17:09,595 INFO [main] org.skife.config.ConfigurationObjectFactory - Using method itself for [${base_path}.merge.pool.awaitShutdownMillis] on [org.apache.druid.query.DruidProcessingConfig#getMergePoolAwaitShutdownMillis()]
2020-04-26T05:17:09,596 INFO [main] org.skife.config.ConfigurationObjectFactory - Assigning value [2] for [druid.processing.numThreads] on [org.apache.druid.query.DruidProcessingConfig#getNumThreadsConfigured()]
2020-04-26T05:17:09,599 INFO [main] org.skife.config.ConfigurationObjectFactory - Assigning value [2] for [druid.processing.numMergeBuffers] on [org.apache.druid.query.DruidProcessingConfig#getNumMergeBuffersConfigured()]
2020-04-26T05:17:09,599 INFO [main] org.skife.config.ConfigurationObjectFactory - Using method itself for [${base_path}.columnCache.sizeBytes] on [org.apache.druid.query.DruidProcessingConfig#columnCacheSizeBytes()]
2020-04-26T05:17:09,600 INFO [main] org.skife.config.ConfigurationObjectFactory - Using method itself for [${base_path}.fifo] on [org.apache.druid.query.DruidProcessingConfig#isFifo()]
2020-04-26T05:17:09,600 INFO [main] org.skife.config.ConfigurationObjectFactory - Using method itself for [${base_path}.tmpDir] on [org.apache.druid.query.DruidProcessingConfig#getTmpDir()]
2020-04-26T05:17:09,601 INFO [main] org.skife.config.ConfigurationObjectFactory - Using method itself for [${base_path}.merge.useParallelMergePool] on [org.apache.druid.query.DruidProcessingConfig#useParallelMergePoolConfigured()]
2020-04-26T05:17:09,601 INFO [main] org.skife.config.ConfigurationObjectFactory - Using method itself for [${base_path}.merge.pool.parallelism] on [org.apache.druid.query.DruidProcessingConfig#getMergePoolParallelismConfigured()]
2020-04-26T05:17:09,601 INFO [main] org.skife.config.ConfigurationObjectFactory - Using method itself for [${base_path}.merge.pool.defaultMaxQueryParallelism] on [org.apache.druid.query.DruidProcessingConfig#getMergePoolDefaultMaxQueryParallelism()]
2020-04-26T05:17:09,602 INFO [main] org.skife.config.ConfigurationObjectFactory - Using method itself for [${base_path}.merge.task.targetRunTimeMillis] on [org.apache.druid.query.DruidProcessingConfig#getMergePoolTargetTaskRunTimeMillis()]
2020-04-26T05:17:09,602 INFO [main] org.skife.config.ConfigurationObjectFactory - Using method itself for [${base_path}.merge.task.initialYieldNumRows] on [org.apache.druid.query.DruidProcessingConfig#getMergePoolTaskInitialYieldRows()]
2020-04-26T05:17:09,603 INFO [main] org.skife.config.ConfigurationObjectFactory - Using method itself for [${base_path}.merge.task.smallBatchNumRows] on [org.apache.druid.query.DruidProcessingConfig#getMergePoolSmallBatchRows()]
2020-04-26T05:17:09,603 INFO [main] org.skife.config.ConfigurationObjectFactory - Assigning value [268435456] for [druid.processing.buffer.sizeBytes] on [org.apache.druid.query.DruidProcessingConfig#intermediateComputeSizeBytesConfigured()]
2020-04-26T05:17:09,606 INFO [main] org.skife.config.ConfigurationObjectFactory - Assigning default value [processing-%s] for [${base_path}.formatString] on [org.apache.druid.java.util.common.concurrent.ExecutorServiceConfig#getFormatString()]
2020-04-26T05:17:12,136 INFO [main] org.eclipse.jetty.util.log - Logging initialized @49949ms to org.eclipse.jetty.util.log.Slf4jLog
2020-04-26T05:17:12,479 INFO [main] org.apache.druid.server.initialization.jetty.JettyServerModule - Creating http connector with port [8100]
2020-04-26T05:17:14,397 INFO [main] org.apache.druid.offheap.OffheapBufferGenerator - Allocating new intermediate processing buffer[0] of size[268,435,456]
2020-04-26T05:17:16,481 INFO [main] org.apache.druid.offheap.OffheapBufferGenerator - Allocating new intermediate processing buffer[1] of size[268,435,456]
2020-04-26T05:17:19,988 INFO [main] org.apache.druid.offheap.OffheapBufferGenerator - Allocating new result merging buffer[0] of size[268,435,456]
